<?xml version="1.0" encoding="utf-8"?>
<beans xmlns="http://www.springframework.org/schema/beans"
    xmlns:aop="http://www.springframework.org/schema/aop"
	xmlns:xsi="http://www.w3.org/2001/XMLSchema-instance" xmlns:context="http://www.springframework.org/schema/context"
	xmlns:util="http://www.springframework.org/schema/util"
	xsi:schemaLocation="
       http://www.springframework.org/schema/beans
       http://www.springframework.org/schema/beans/spring-beans-3.0.xsd
       http://www.springframework.org/schema/context
       http://www.springframework.org/schema/context/spring-context-3.0.xsd
       http://www.springframework.org/schema/aop 
       http://www.springframework.org/schema/aop/spring-aop-2.0.xsd">
       
	<context:component-scan base-package="amg.net.filewalker" />
	 
	<!--
	 <aop:aspectj-autoproxy/>
	<bean class="org.springframework.aop.aspectj.annotation.AnnotationAwareAspectJAutoProxyCreator" />
	 -->

	<bean id="fileWalkerAspect" class="amg.net.filewalker.FileWalkerAspect"/>
	
	<bean id="regexFilter" class="org.apache.commons.io.filefilter.RegexFileFilter">
		<constructor-arg name="pattern" value=".*3.*">
		</constructor-arg>
	</bean>

	<bean id="regexFilter2" class="org.apache.commons.io.filefilter.RegexFileFilter">
		<constructor-arg name="pattern" value=".*77.*">
		</constructor-arg>
	</bean>

	<bean id="fileWalker" class="amg.net.filewalker.FileWalker" destroy-method="destroy"/>

	<bean id="filterList" class="java.util.ArrayList">
		<constructor-arg>
			<list>
				<ref bean="regexFilter2" />
				<ref bean="regexFilter" />
			</list>
		</constructor-arg>
	</bean>
	
	<bean id="filterFlag" class="amg.net.filewalker.AndOrEnum"
		factory-method="valueOf">
		<constructor-arg value="AND" />
	</bean>
	
	<bean id="reportValuesHolder" class="amg.net.filewalker.Report"/>
</beans>